<?xml version="1.0" encoding="UTF-8"?>
<testng-results ignored="0" total="1" passed="1" failed="0" skipped="0">
  <reporter-output>
  </reporter-output>
  <suite started-at="2020-06-16T08:57:42 ICT" name="Suite" finished-at="2020-06-16T08:57:49 ICT" duration-ms="7112">
    <groups>
    </groups>
    <test started-at="2020-06-16T08:57:42 ICT" name="Test" finished-at="2020-06-16T08:57:49 ICT" duration-ms="7112">
      <class name="lab6.firsttestngfile">
        <test-method is-config="true" signature="launchBrowser()[pri:0, instance:lab6.firsttestngfile@6b81ce95]" started-at="2020-06-16T08:57:42 ICT" name="launchBrowser" finished-at="2020-06-16T08:57:49 ICT" duration-ms="6910" status="PASS">
          <reporter-output>
          </reporter-output>
        </test-method> <!-- launchBrowser -->
        <test-method signature="verifyHomepageTitle()[pri:0, instance:lab6.firsttestngfile@6b81ce95]" started-at="2020-06-16T08:57:49 ICT" name="verifyHomepageTitle" finished-at="2020-06-16T08:57:49 ICT" duration-ms="15" status="PASS">
          <reporter-output>
          </reporter-output>
        </test-method> <!-- verifyHomepageTitle -->
        <test-method is-config="true" signature="terminateBrowser()[pri:0, instance:lab6.firsttestngfile@6b81ce95]" started-at="2020-06-16T08:57:49 ICT" name="terminateBrowser" finished-at="2020-06-16T08:57:49 ICT" duration-ms="144" status="PASS">
          <reporter-output>
          </reporter-output>
        </test-method> <!-- terminateBrowser -->
      </class> <!-- lab6.firsttestngfile -->
    </test> <!-- Test -->
  </suite> <!-- Suite -->
</testng-results>
